<?xml version="1.0" encoding="UTF-8"?>
<testng-results skipped="0" failed="0" total="1" passed="1">
  <reporter-output>
  </reporter-output>
  <suite name="Default suite" duration-ms="393" started-at="2016-04-07T02:06:39Z" finished-at="2016-04-07T02:06:40Z">
    <groups>
    </groups>
    <test name="Default test" duration-ms="393" started-at="2016-04-07T02:06:39Z" finished-at="2016-04-07T02:06:40Z">
      <class name="com.sinodata.test.TestApiInterface">
        <test-method status="PASS" signature="login()[pri:0, instance:com.sinodata.test.TestApiInterface@1fcf0ce]" name="login" duration-ms="377" started-at="2016-04-07T10:06:39Z" finished-at="2016-04-07T10:06:40Z">
          <reporter-output>
          </reporter-output>
        </test-method> <!-- login -->
      </class> <!-- com.sinodata.test.TestApiInterface -->
    </test> <!-- Default test -->
  </suite> <!-- Default suite -->
</testng-results>
